2025-07-20 18:25:45,174 - INFO - Added club: >
2025-07-20 18:25:45,175 - INFO - Added club: µ
2025-07-20 18:25:45,175 - INFO - Added club: District Dynamo
2025-07-20 18:25:45,175 - INFO - Added club: RIASA Helsinki
2025-07-20 18:25:45,175 - INFO - Added club: _
2025-07-20 18:25:45,175 - INFO - Added club: __
2025-07-20 18:25:45,175 - INFO - Added club: CFSC
2025-07-20 18:25:45,175 - INFO - Added club: -
2025-07-20 18:25:45,175 - INFO - Added club: Aalborg FDK
2025-07-20 18:25:45,175 - INFO - Added club: Lymm Rovers
2025-07-20 18:25:45,175 - INFO - Added club: --
2025-07-20 18:25:45,175 - INFO - Added club: UFV Men's Soccer
2025-07-20 18:25:45,175 - INFO - Added club: STFV
2025-07-20 18:25:45,175 - INFO - Added club: The FA
2025-07-20 18:25:45,176 - INFO - Added club: Referee
2025-07-20 18:25:45,176 - INFO - Added club: ---
2025-07-20 18:25:45,176 - INFO - Added club: -----
2025-07-20 18:26:15,842 - WARNING - Retrying (Retry(total=2, connect=None, read=None, redirect=None, status=None)) after connection broken by 'ConnectionResetError(104, 'Connection reset by peer')': /session/d9d460325811026ab137b27b94657f4b
2025-07-20 18:26:15,843 - WARNING - Retrying (Retry(total=1, connect=None, read=None, redirect=None, status=None)) after connection broken by 'NewConnectionError('<urllib3.connection.HTTPConnection object at 0x7578aec787c0>: Failed to establish a new connection: [Errno 111] Connection refused')': /session/d9d460325811026ab137b27b94657f4b
2025-07-20 18:26:15,843 - WARNING - Retrying (Retry(total=0, connect=None, read=None, redirect=None, status=None)) after connection broken by 'NewConnectionError('<urllib3.connection.HTTPConnection object at 0x7578aec78c70>: Failed to establish a new connection: [Errno 111] Connection refused')': /session/d9d460325811026ab137b27b94657f4b
2025-07-20 18:28:06,858 - INFO - Added club: District Dynamo - 0 recordings, 3 teams
2025-07-20 18:28:06,859 - INFO - Added club: RIASA Helsinki - 0 recordings, 0 teams
2025-07-20 18:28:06,859 - INFO - Added club: CFSC - 0 recordings, 0 teams
2025-07-20 18:28:06,859 - INFO - Added club: - - 0 recordings, 0 teams
2025-07-20 18:28:06,859 - INFO - Added club: Aalborg FDK - 6 recordings, 0 teams
2025-07-20 18:28:06,859 - INFO - Added club: Lymm Rovers - 2 recordings, 0 teams
2025-07-20 18:28:06,859 - INFO - Added club: -- - 0 recordings, 0 teams
2025-07-20 18:28:06,859 - INFO - Added club: UFV Men's Soccer - 0 recordings, 0 teams
2025-07-20 18:28:06,859 - INFO - Added club: STFV - 0 recordings, 0 teams
2025-07-20 18:28:06,859 - INFO - Added club: The FA - 0 recordings, 0 teams
2025-07-20 18:28:06,859 - INFO - Added club: Referee - 2 recordings, 3 teams
2025-07-20 18:28:06,860 - INFO - Added club: --- - 0 recordings, 0 teams
2025-07-20 18:28:06,860 - INFO - Added club: ----- - 0 recordings, 0 teams
2025-07-20 18:28:36,278 - WARNING - Retrying (Retry(total=2, connect=None, read=None, redirect=None, status=None)) after connection broken by 'ConnectionResetError(104, 'Connection reset by peer')': /session/01189a629858a540f1344cba8227b944
2025-07-20 18:28:36,279 - WARNING - Retrying (Retry(total=1, connect=None, read=None, redirect=None, status=None)) after connection broken by 'NewConnectionError('<urllib3.connection.HTTPConnection object at 0x743798b1ee50>: Failed to establish a new connection: [Errno 111] Connection refused')': /session/01189a629858a540f1344cba8227b944
2025-07-20 18:28:36,279 - WARNING - Retrying (Retry(total=0, connect=None, read=None, redirect=None, status=None)) after connection broken by 'NewConnectionError('<urllib3.connection.HTTPConnection object at 0x743798adc040>: Failed to establish a new connection: [Errno 111] Connection refused')': /session/01189a629858a540f1344cba8227b944
2025-07-20 18:29:26,609 - INFO - Added club: District Dynamo - 0 recordings, 3 teams
2025-07-20 18:29:26,609 - INFO - Added club: RIASA Helsinki - 0 recordings, 0 teams
2025-07-20 18:29:26,609 - INFO - Added club: CFSC - 0 recordings, 0 teams
2025-07-20 18:29:26,609 - INFO - Added club: - - 0 recordings, 0 teams
2025-07-20 18:29:26,609 - INFO - Added club: Aalborg FDK - 6 recordings, 0 teams
2025-07-20 18:29:26,610 - INFO - Added club: Lymm Rovers - 2 recordings, 0 teams
2025-07-20 18:29:26,610 - INFO - Added club: -- - 0 recordings, 0 teams
2025-07-20 18:29:26,610 - INFO - Added club: UFV Men's Soccer - 0 recordings, 0 teams
2025-07-20 18:29:26,610 - INFO - Added club: STFV - 0 recordings, 0 teams
2025-07-20 18:29:26,610 - INFO - Added club: The FA - 0 recordings, 0 teams
2025-07-20 18:29:26,610 - INFO - Added club: Referee - 2 recordings, 3 teams
2025-07-20 18:29:26,610 - INFO - Added club: --- - 0 recordings, 0 teams
2025-07-20 18:29:26,610 - INFO - Added club: ----- - 0 recordings, 0 teams
2025-07-20 18:31:24,430 - WARNING - Retrying (Retry(total=2, connect=None, read=None, redirect=None, status=None)) after connection broken by 'ConnectionResetError(104, 'Connection reset by peer')': /session/f9648393a5a2584f2601b5e9c531ac86
2025-07-20 18:31:24,431 - WARNING - Retrying (Retry(total=1, connect=None, read=None, redirect=None, status=None)) after connection broken by 'NewConnectionError('<urllib3.connection.HTTPConnection object at 0x7b9af4c5dbb0>: Failed to establish a new connection: [Errno 111] Connection refused')': /session/f9648393a5a2584f2601b5e9c531ac86
2025-07-20 18:31:24,432 - WARNING - Retrying (Retry(total=0, connect=None, read=None, redirect=None, status=None)) after connection broken by 'NewConnectionError('<urllib3.connection.HTTPConnection object at 0x7b9af4c1c070>: Failed to establish a new connection: [Errno 111] Connection refused')': /session/f9648393a5a2584f2601b5e9c531ac86
2025-07-20 18:33:11,957 - INFO - Added club: District Dynamo - 0 recordings, 3 teams
2025-07-20 18:33:11,957 - INFO - Added club: RIASA Helsinki - 0 recordings, 0 teams
2025-07-20 18:33:11,957 - INFO - Added club: CFSC - 0 recordings, 0 teams
2025-07-20 18:33:11,957 - INFO - Added club: - - 0 recordings, 0 teams
2025-07-20 18:33:11,957 - INFO - Added club: Aalborg FDK - 6 recordings, 0 teams
2025-07-20 18:33:11,957 - INFO - Added club: Lymm Rovers - 2 recordings, 0 teams
2025-07-20 18:33:11,957 - INFO - Added club: -- - 0 recordings, 0 teams
2025-07-20 18:33:11,957 - INFO - Added club: UFV Men's Soccer - 0 recordings, 0 teams
2025-07-20 18:33:11,957 - INFO - Added club: STFV - 0 recordings, 0 teams
2025-07-20 18:33:11,957 - INFO - Added club: The FA - 0 recordings, 0 teams
2025-07-20 18:33:11,957 - INFO - Added club: Referee - 2 recordings, 3 teams
2025-07-20 18:33:11,958 - INFO - Added club: --- - 0 recordings, 0 teams
2025-07-20 18:33:11,958 - INFO - Added club: ----- - 0 recordings, 0 teams
2025-07-20 18:40:26,006 - WARNING - Retrying (Retry(total=2, connect=None, read=None, redirect=None, status=None)) after connection broken by 'ConnectionResetError(104, 'Connection reset by peer')': /session/36c021c4d8b5f68b2314729685339bae
2025-07-20 18:40:26,006 - WARNING - Retrying (Retry(total=1, connect=None, read=None, redirect=None, status=None)) after connection broken by 'NewConnectionError('<urllib3.connection.HTTPConnection object at 0x72f3258e4670>: Failed to establish a new connection: [Errno 111] Connection refused')': /session/36c021c4d8b5f68b2314729685339bae
2025-07-20 18:40:26,007 - WARNING - Retrying (Retry(total=0, connect=None, read=None, redirect=None, status=None)) after connection broken by 'NewConnectionError('<urllib3.connection.HTTPConnection object at 0x72f3258e4610>: Failed to establish a new connection: [Errno 111] Connection refused')': /session/36c021c4d8b5f68b2314729685339bae
2025-07-20 18:47:57,340 - WARNING - Retrying (Retry(total=2, connect=None, read=None, redirect=None, status=None)) after connection broken by 'ConnectionResetError(104, 'Connection reset by peer')': /session/b1359f49b32eddee0f08419f26032504
2025-07-20 18:47:57,341 - WARNING - Retrying (Retry(total=1, connect=None, read=None, redirect=None, status=None)) after connection broken by 'NewConnectionError('<urllib3.connection.HTTPConnection object at 0x787c9786afd0>: Failed to establish a new connection: [Errno 111] Connection refused')': /session/b1359f49b32eddee0f08419f26032504
2025-07-20 18:47:57,341 - WARNING - Retrying (Retry(total=0, connect=None, read=None, redirect=None, status=None)) after connection broken by 'NewConnectionError('<urllib3.connection.HTTPConnection object at 0x787c9789d160>: Failed to establish a new connection: [Errno 111] Connection refused')': /session/b1359f49b32eddee0f08419f26032504
2025-07-20 18:47:58,838 - ERROR - Scraping failed: Message: invalid session id: session deleted as the browser has closed the connection
from disconnected: not connected to DevTools
  (Session info: chrome=138.0.7204.157); For documentation on this error, please visit: https://www.selenium.dev/documentation/webdriver/troubleshooting/errors#invalidsessionidexception
Stacktrace:
#0 0x5ee5cf8447da <unknown>
#1 0x5ee5cf2e92e0 <unknown>
#2 0x5ee5cf2cfeee <unknown>
#3 0x5ee5cf2f7dc0 <unknown>
#4 0x5ee5cf368d9f <unknown>
#5 0x5ee5cf3860bc <unknown>
#6 0x5ee5cf360683 <unknown>
#7 0x5ee5cf32cb5b <unknown>
#8 0x5ee5cf32df31 <unknown>
#9 0x5ee5cf80972b <unknown>
#10 0x5ee5cf80d534 <unknown>
#11 0x5ee5cf7f0229 <unknown>
#12 0x5ee5cf80e0d8 <unknown>
#13 0x5ee5cf7d461f <unknown>
#14 0x5ee5cf831dd8 <unknown>
#15 0x5ee5cf831fb6 <unknown>
#16 0x5ee5cf843af6 <unknown>
#17 0x725d7829caa4 <unknown>
#18 0x725d78329c3c <unknown>

2025-07-20 18:52:52,443 - WARNING - Retrying (Retry(total=2, connect=None, read=None, redirect=None, status=None)) after connection broken by 'ConnectionResetError(104, 'Connection reset by peer')': /session/94906e624cb51fa0ae0202be881e562b
2025-07-20 18:52:52,443 - WARNING - Retrying (Retry(total=1, connect=None, read=None, redirect=None, status=None)) after connection broken by 'NewConnectionError('<urllib3.connection.HTTPConnection object at 0x746105b78730>: Failed to establish a new connection: [Errno 111] Connection refused')': /session/94906e624cb51fa0ae0202be881e562b
2025-07-20 18:52:52,444 - WARNING - Retrying (Retry(total=0, connect=None, read=None, redirect=None, status=None)) after connection broken by 'NewConnectionError('<urllib3.connection.HTTPConnection object at 0x746105b786a0>: Failed to establish a new connection: [Errno 111] Connection refused')': /session/94906e624cb51fa0ae0202be881e562b
2025-07-20 19:07:57,416 - ERROR - Scraping failed: Message: invalid session id: session deleted as the browser has closed the connection
from disconnected: not connected to DevTools
  (Session info: chrome=138.0.7204.157); For documentation on this error, please visit: https://www.selenium.dev/documentation/webdriver/troubleshooting/errors#invalidsessionidexception
Stacktrace:
#0 0x5c7821e337da <unknown>
#1 0x5c78218d82e0 <unknown>
#2 0x5c78218beeee <unknown>
#3 0x5c78218e6dc0 <unknown>
#4 0x5c7821957d9f <unknown>
#5 0x5c78219750bc <unknown>
#6 0x5c782194f683 <unknown>
#7 0x5c782191bb5b <unknown>
#8 0x5c782191cf31 <unknown>
#9 0x5c7821df872b <unknown>
#10 0x5c7821dfc534 <unknown>
#11 0x5c7821ddf229 <unknown>
#12 0x5c7821dfd0d8 <unknown>
#13 0x5c7821dc361f <unknown>
#14 0x5c7821e20dd8 <unknown>
#15 0x5c7821e20fb6 <unknown>
#16 0x5c7821e32af6 <unknown>
#17 0x747b9269caa4 <unknown>
#18 0x747b92729c3c <unknown>

2025-07-21 01:47:40,018 - ERROR - Error extracting clubs: Message: invalid session id: session deleted as the browser has closed the connection
from disconnected: not connected to DevTools
  (Session info: chrome=138.0.7204.157); For documentation on this error, please visit: https://www.selenium.dev/documentation/webdriver/troubleshooting/errors#invalidsessionidexception
Stacktrace:
#0 0x61b42e6d97da <unknown>
#1 0x61b42e17e2e0 <unknown>
#2 0x61b42e164eee <unknown>
#3 0x61b42e18cdc0 <unknown>
#4 0x61b42e1fdd9f <unknown>
#5 0x61b42e21b0bc <unknown>
#6 0x61b42e1f5683 <unknown>
#7 0x61b42e1c1b5b <unknown>
#8 0x61b42e1c2f31 <unknown>
#9 0x61b42e69e72b <unknown>
#10 0x61b42e6a2534 <unknown>
#11 0x61b42e685229 <unknown>
#12 0x61b42e6a30d8 <unknown>
#13 0x61b42e66961f <unknown>
#14 0x61b42e6c6dd8 <unknown>
#15 0x61b42e6c6fb6 <unknown>
#16 0x61b42e6d8af6 <unknown>
#17 0x76928009caa4 <unknown>
#18 0x769280129c3c <unknown>

2025-07-21 01:47:40,023 - ERROR - Scraping failed: Message: invalid session id; For documentation on this error, please visit: https://www.selenium.dev/documentation/webdriver/troubleshooting/errors#invalidsessionidexception
Stacktrace:
#0 0x61b42e6d97da <unknown>
#1 0x61b42e17e133 <unknown>
#2 0x61b42e1c148f <unknown>
#3 0x61b42e1f57b6 <unknown>
#4 0x61b42e1f02c6 <unknown>
#5 0x61b42e1ef405 <unknown>
#6 0x61b42e1461a8 <unknown>
#7 0x61b42e69e72b <unknown>
#8 0x61b42e6a2534 <unknown>
#9 0x61b42e685229 <unknown>
#10 0x61b42e6a30d8 <unknown>
#11 0x61b42e66961f <unknown>
#12 0x61b42e143fb2 <unknown>
#13 0x76928002a1ca <unknown>
#14 0x76928002a28b __libc_start_main
#15 0x61b42e10b8ea _start

